<?xml version="1.0" encoding="UTF-8"?>
<!-- Generated by org.testng.reporters.JUnitReportReporter -->
<testsuite hostname="DESKTOP-JC5M1H8" failures="0" tests="1" name="TestCases.LoginApplication" time="29.987" errors="0" timestamp="2021-09-09T18:35:57 IST" skipped="0">
  <testcase classname="TestCases.LoginApplication" name="Login" time="29.987"/>
  <system-out/>
</testsuite> <!-- TestCases.LoginApplication -->
